<testsuites id="" name="" tests="1" failures="1" skipped="0" errors="0" time="17.05995">
<testsuite name="shopping/cart-management.spec.js" timestamp="2025-09-05T06:30:53.554Z" hostname="chromium" tests="1" failures="1" skipped="0" time="0.005" errors="0">
<testcase name="Cart Management › should complete full purchase flow and show order info" classname="shopping/cart-management.spec.js" time="0.005">
<failure message="cart-management.spec.js:34:3 should complete full purchase flow and show order info" type="FAILURE">
<![CDATA[  [chromium] › shopping/cart-management.spec.js:34:3 › Cart Management › should complete full purchase flow and show order info 

    Error: browserType.launch: 
    ╔══════════════════════════════════════════════════════╗
    ║ Host system is missing dependencies to run browsers. ║
    ║ Please install them with the following command:      ║
    ║                                                      ║
    ║     sudo npx playwright install-deps                 ║
    ║                                                      ║
    ║ Alternatively, use apt:                              ║
    ║     sudo apt-get install libatk1.0-0t64\             ║
    ║         libatk-bridge2.0-0t64\                       ║
    ║         libatspi2.0-0t64\                            ║
    ║         libxcomposite1\                              ║
    ║         libxdamage1\                                 ║
    ║         libxfixes3\                                  ║
    ║         libxrandr2\                                  ║
    ║         libgbm1\                                     ║
    ║         libxkbcommon0\                               ║
    ║         libasound2t64                                ║
    ║                                                      ║
    ║ <3 Playwright Team                                   ║
    ╚══════════════════════════════════════════════════════╝
]]>
</failure>
</testcase>
</testsuite>
</testsuites>